\BOOKMARK [0][-]{MUTESCHAPTER.1.0}{\376\377\000R\000e\000s\000u\000m\000o}{}% 1
\BOOKMARK [0][-]{MUTESCHAPTER.2.0}{\376\377\000A\000b\000s\000t\000r\000a\000c\000t}{}% 2
\BOOKMARK [0][-]{MUTESCHAPTER.3.0}{\376\377\000L\000i\000s\000t\000a\000\040\000d\000e\000\040\000F\000i\000g\000u\000r\000a\000s}{}% 3
\BOOKMARK [0][-]{MUTESCHAPTER.4.0}{\376\377\000L\000i\000s\000t\000a\000\040\000d\000e\000\040\000T\000a\000b\000e\000l\000a\000s}{}% 4
\BOOKMARK [0][-]{MUTESCHAPTER.5.0}{\376\377\000L\000i\000s\000t\000a\000\040\000d\000e\000\040\000A\000b\000r\000e\000v\000i\000a\000t\000u\000r\000a\000s\000\040\000e\000\040\000S\000i\000g\000l\000a\000s}{}% 5
\BOOKMARK [0][-]{MUTESCHAPTER.6.0}{\376\377\000L\000i\000s\000t\000a\000\040\000d\000e\000\040\000S\000\355\000m\000b\000o\000l\000o\000s}{}% 6
\BOOKMARK [0][-]{MUTESCHAPTER.7.0}{\376\377\000S\000u\000m\000\341\000r\000i\000o}{}% 7
\BOOKMARK [0][-]{CHAPTER.1}{\376\377\0001\000\040\000I\000n\000t\000r\000o\000d\000u\000\347\000\343\000o}{}% 8
\BOOKMARK [0][-]{CHAPTER.2}{\376\377\0002\000\040\000M\000a\000t\000e\000r\000i\000a\000i\000s\000\040\000e\000\040\000M\000\351\000t\000o\000d\000o\000s}{}% 9
\BOOKMARK [1][-]{section.2.1}{\376\377\0002\000.\0001\000\040\000F\000u\000n\000d\000a\000m\000e\000n\000t\000o\000s\000\040\000d\000o\000\040\000M\000\351\000t\000o\000d\000o}{CHAPTER.2}% 10
\BOOKMARK [1][-]{section.2.2}{\376\377\0002\000.\0002\000\040\000F\000u\000n\000d\000a\000m\000e\000n\000t\000o\000\040\000M\000a\000t\000e\000m\000\341\000t\000i\000c\000o\000\040\000e\000\040\000L\000e\000i\000s\000\040\000d\000e\000\040\000M\000a\000x\000w\000e\000l\000l}{CHAPTER.2}% 11
\BOOKMARK [2][-]{subsection.2.2.1}{\376\377\0002\000.\0002\000.\0001\000\040\000T\000e\000o\000r\000i\000a\000\040\0001\000D}{section.2.2}% 12
\BOOKMARK [2][-]{subsection.2.2.2}{\376\377\0002\000.\0002\000.\0002\000\040\000T\000e\000o\000r\000i\000a\000\040\0002\000D}{section.2.2}% 13
\BOOKMARK [2][-]{subsection.2.2.3}{\376\377\0002\000.\0002\000.\0003\000\040\000T\000e\000o\000r\000i\000a\000\040\0003\000D}{section.2.2}% 14
\BOOKMARK [1][-]{section.2.3}{\376\377\0002\000.\0003\000\040\000E\000s\000t\000r\000u\000t\000u\000r\000a\000\040\000d\000o\000\040\000s\000o\000f\000t\000w\000a\000r\000e\000\040\000\050\000R\000i\000M\000T\000\051}{CHAPTER.2}% 15
\BOOKMARK [0][-]{CHAPTER.3}{\376\377\0003\000\040\000R\000e\000s\000u\000l\000t\000a\000d\000o\000s\000\040\000E\000s\000p\000e\000r\000a\000d\000o\000s}{}% 16
\BOOKMARK [0][-]{CHAPTER.4}{\376\377\0004\000\040\000C\000r\000o\000n\000o\000g\000r\000a\000m\000a\000\040\000d\000e\000\040\000A\000t\000i\000v\000i\000d\000a\000d\000e\000s}{}% 17
\BOOKMARK [1][-]{section.4.1}{\376\377\0004\000.\0001\000\040\0001\000\272\000\040\000S\000e\000m\000e\000s\000t\000r\000e}{CHAPTER.4}% 18
\BOOKMARK [1][-]{section.4.2}{\376\377\0004\000.\0002\000\040\0002\000\272\000\040\000S\000e\000m\000e\000s\000t\000r\000e}{CHAPTER.4}% 19
\BOOKMARK [0][-]{schapter.8}{\376\377\000R\000e\000f\000e\000r\000\352\000n\000c\000i\000a\000s}{}% 20
