\BOOKMARK [0][-]{MUTESCHAPTER.1.0}{\376\377\000A\000g\000r\000a\000d\000e\000c\000i\000m\000e\000n\000t\000o}{}% 1
\BOOKMARK [0][-]{MUTESCHAPTER.2.0}{\376\377\000R\000e\000s\000u\000m\000o}{}% 2
\BOOKMARK [0][-]{MUTESCHAPTER.3.0}{\376\377\000L\000i\000s\000t\000a\000\040\000d\000e\000\040\000F\000i\000g\000u\000r\000a\000s}{}% 3
\BOOKMARK [0][-]{MUTESCHAPTER.4.0}{\376\377\000L\000i\000s\000t\000a\000\040\000d\000e\000\040\000T\000a\000b\000e\000l\000a\000s}{}% 4
\BOOKMARK [0][-]{MUTESCHAPTER.5.0}{\376\377\000L\000i\000s\000t\000a\000\040\000d\000e\000\040\000A\000b\000r\000e\000v\000i\000a\000t\000u\000r\000a\000s\000\040\000e\000\040\000S\000i\000g\000l\000a\000s}{}% 5
\BOOKMARK [0][-]{MUTESCHAPTER.6.0}{\376\377\000L\000i\000s\000t\000a\000\040\000d\000e\000\040\000S\000\355\000m\000b\000o\000l\000o\000s}{}% 6
\BOOKMARK [0][-]{MUTESCHAPTER.7.0}{\376\377\000S\000u\000m\000\341\000r\000i\000o}{}% 7
\BOOKMARK [0][-]{CHAPTER.1}{\376\377\0001\000\040\000I\000n\000t\000r\000o\000d\000u\000\347\000\343\000o}{}% 8
\BOOKMARK [0][-]{CHAPTER.2}{\376\377\0002\000\040\000O\000b\000j\000e\000t\000i\000v\000o\000s}{}% 9
\BOOKMARK [1][-]{section.2.1}{\376\377\0002\000.\0001\000\040\000O\000b\000j\000e\000t\000i\000v\000o\000s\000\040\000G\000e\000r\000a\000i\000s}{CHAPTER.2}% 10
\BOOKMARK [1][-]{section.2.2}{\376\377\0002\000.\0002\000\040\000O\000b\000j\000e\000t\000i\000v\000o\000s\000\040\000E\000s\000p\000e\000c\000\355\000f\000i\000c\000o\000s}{CHAPTER.2}% 11
\BOOKMARK [0][-]{CHAPTER.3}{\376\377\0003\000\040\000J\000u\000s\000t\000i\000f\000i\000c\000a\000t\000i\000v\000a}{}% 12
\BOOKMARK [0][-]{CHAPTER.4}{\376\377\0004\000\040\000F\000u\000n\000d\000a\000m\000e\000n\000t\000o\000s\000\040\000d\000o\000\040\000M\000\351\000t\000o\000d\000o\000\040\000m\000a\000g\000n\000e\000t\000o\000t\000e\000l\000\372\000r\000i\000c\000o\000\040}{}% 13
\BOOKMARK [1][-]{section.4.1}{\376\377\0004\000.\0001\000\040\000O\000r\000i\000g\000e\000m\000\040\000d\000a\000s\000\040\000C\000o\000r\000r\000e\000n\000t\000e\000s\000\040\000T\000e\000l\000\372\000r\000i\000c\000a\000s}{CHAPTER.4}% 14
\BOOKMARK [1][-]{section.4.2}{\376\377\0004\000.\0002\000\040\000R\000e\000s\000i\000s\000t\000i\000v\000i\000d\000a\000d\000e\000\040\000d\000o\000s\000\040\000M\000a\000t\000e\000r\000i\000a\000i\000s}{CHAPTER.4}% 15
\BOOKMARK [1][-]{section.4.3}{\376\377\0004\000.\0003\000\040\000F\000u\000n\000d\000a\000m\000e\000n\000t\000o\000s\000\040\000T\000e\000\363\000r\000i\000c\000o\000s\000\040\000d\000o\000s\000\040\000M\000\351\000t\000o\000d\000o\000s\000\040\000E\000l\000e\000t\000r\000o\000m\000a\000g\000n\000\351\000t\000i\000c\000o\000s}{CHAPTER.4}% 16
\BOOKMARK [1][-]{section.4.4}{\376\377\0004\000.\0004\000\040\000R\000e\000s\000p\000o\000s\000t\000a\000\040\000d\000o\000\040\000M\000\351\000t\000o\000d\000o\000\040\000M\000a\000g\000n\000e\000t\000o\000t\000e\000l\000\372\000r\000i\000c\000o}{CHAPTER.4}% 17
\BOOKMARK [2][-]{subsection.4.4.1}{\376\377\0004\000.\0004\000.\0001\000\040\000I\000m\000p\000e\000d\000\342\000n\000c\000i\000a\000\040\000E\000l\000e\000t\000r\000o\000m\000a\000g\000n\000\351\000t\000i\000c\000a}{section.4.4}% 18
\BOOKMARK [1][-]{section.4.5}{\376\377\0004\000.\0005\000\040\000M\000o\000d\000e\000l\000o\000\040\000d\000e\000\040\000D\000i\000m\000e\000n\000s\000\365\000e\000s\000\040\000M\000T}{CHAPTER.4}% 19
\BOOKMARK [2][-]{subsection.4.5.1}{\376\377\0004\000.\0005\000.\0001\000\040\000T\000e\000r\000r\000a\000\040\0001\000D}{section.4.5}% 20
\BOOKMARK [2][-]{subsection.4.5.2}{\376\377\0004\000.\0005\000.\0002\000\040\000T\000e\000r\000r\000a\000\040\0002\000D}{section.4.5}% 21
\BOOKMARK [2][-]{subsection.4.5.3}{\376\377\0004\000.\0005\000.\0003\000\040\000T\000e\000r\000r\000a\000\040\0003\000D}{section.4.5}% 22
\BOOKMARK [0][-]{CHAPTER.5}{\376\377\0005\000\040\000S\000o\000f\000t\000w\000a\000r\000e\000s\000\040\000U\000t\000i\000l\000i\000z\000a\000d\000o\000s\000\040\000e\000m\000\040\000D\000a\000d\000o\000s\000\040\000M\000T}{}% 23
\BOOKMARK [1][-]{section.5.1}{\376\377\0005\000.\0001\000\040\000A\000q\000u\000i\000s\000i\000\347\000\343\000o\000\040\000d\000e\000\040\000D\000a\000d\000o\000s\000\040\000M\000T}{CHAPTER.5}% 24
\BOOKMARK [2][-]{subsection.5.1.1}{\376\377\0005\000.\0001\000.\0001\000\040\000E\000s\000t\000r\000u\000t\000u\000r\000a\000\040\000d\000o\000\040\000A\000q\000u\000i\000v\000o\000\040\000T\000S}{section.5.1}% 25
\BOOKMARK [1][-]{section.5.2}{\376\377\0005\000.\0002\000\040\000F\000l\000u\000x\000o\000\040\000d\000e\000\040\000P\000r\000o\000c\000e\000s\000s\000a\000m\000e\000n\000t\000o\000\040\000d\000e\000\040\000D\000a\000d\000o\000s\000\040\000M\000T}{CHAPTER.5}% 26
\BOOKMARK [2][-]{subsection.5.2.1}{\376\377\0005\000.\0002\000.\0001\000\040\000C\000o\000n\000v\000e\000r\000s\000\343\000o\000\040\000d\000e\000\040\000D\000a\000d\000o\000s\000\040\000B\000i\000n\000\341\000r\000i\000o\000s}{section.5.2}% 27
\BOOKMARK [2][-]{subsection.5.2.2}{\376\377\0005\000.\0002\000.\0002\000\040\000D\000n\000f\000f}{section.5.2}% 28
\BOOKMARK [2][-]{subsection.5.2.3}{\376\377\0005\000.\0002\000.\0003\000\040\000T\000r\000a\000n\000M\000T}{section.5.2}% 29
\BOOKMARK [2][-]{subsection.5.2.4}{\376\377\0005\000.\0002\000.\0004\000\040\000F\000o\000r\000m\000a\000t\000o\000s\000\040\000d\000e\000\040\000A\000r\000q\000u\000i\000v\000o\000s\000\040\000P\000a\000r\000a\000\040\000D\000a\000d\000o\000s\000\040\000M\000T}{section.5.2}% 30
\BOOKMARK [1][-]{section.5.3}{\376\377\0005\000.\0003\000\040\000P\000a\000c\000o\000t\000e\000s\000\040\000d\000e\000\040\000P\000r\000o\000c\000e\000s\000s\000a\000m\000e\000n\000t\000o\000s\000\040\000d\000o\000\040\000g\000r\000u\000p\000o\000\040\000G\000e\000o\000m\000a\000\040\000-\000\040\000I\000N\000P\000E}{CHAPTER.5}% 31
\BOOKMARK [0][-]{CHAPTER.6}{\376\377\0006\000\040\000P\000r\000o\000p\000o\000s\000t\000a\000\040\000d\000e\000\040\000S\000o\000f\000t\000w\000a\000r\000e\000\040\000L\000i\000v\000r\000e\000\040\000I\000n\000t\000e\000g\000r\000a\000d\000o\000r}{}% 32
\BOOKMARK [1][-]{section.6.1}{\376\377\0006\000.\0001\000\040\000L\000i\000n\000g\000u\000a\000g\000e\000m\000\040\000P\000Y\000T\000H\000O\000N}{CHAPTER.6}% 33
\BOOKMARK [1][-]{section.6.2}{\376\377\0006\000.\0002\000\040\000M\000\363\000d\000u\000l\000o\000s\000\040\000e\000\040\000P\000a\000c\000o\000t\000e\000s}{CHAPTER.6}% 34
\BOOKMARK [2][-]{subsection.6.2.1}{\376\377\0006\000.\0002\000.\0001\000\040\000K\000i\000v\000y}{section.6.2}% 35
\BOOKMARK [2][-]{subsection.6.2.2}{\376\377\0006\000.\0002\000.\0002\000\040\000S\000c\000i\000P\000y\000,\000\040\000M\000a\000t\000P\000l\000o\000t\000L\000i\000b\000,\000\040\000N\000u\000m\000P\000y}{section.6.2}% 36
\BOOKMARK [1][-]{section.6.3}{\376\377\0006\000.\0003\000\040\000A\000r\000q\000u\000i\000t\000e\000t\000u\000r\000a\000\040\000d\000o\000\040\000P\000r\000o\000g\000r\000a\000m\000a\000\040\000e\000\040\000A\000b\000o\000r\000d\000a\000g\000e\000m\000\040\000d\000o\000s\000\040\000f\000l\000u\000x\000o\000s\000\040\000d\000e\000\040\000P\000r\000o\000c\000e\000s\000s\000a\000m\000e\000n\000t\000o}{CHAPTER.6}% 37
\BOOKMARK [2][-]{subsection.6.3.1}{\376\377\0006\000.\0003\000.\0001\000\040\000A\000r\000q\000u\000i\000t\000e\000t\000u\000r\000a\000\040\000d\000o\000\040\000P\000r\000o\000g\000r\000a\000m\000a\000\040\000e\000\040\000D\000e\000p\000e\000n\000d\000\352\000n\000c\000i\000a\000s}{section.6.3}% 38
\BOOKMARK [2][-]{subsection.6.3.2}{\376\377\0006\000.\0003\000.\0002\000\040\000C\000o\000n\000v\000e\000r\000s\000\343\000o\000\040\000d\000o\000s\000\040\000D\000a\000d\000o\000s}{section.6.3}% 39
\BOOKMARK [2][-]{subsection.6.3.3}{\376\377\0006\000.\0003\000.\0003\000\040\000P\000r\000o\000c\000e\000s\000s\000a\000m\000e\000n\000t\000o\000\040\000E\000s\000t\000a\000t\000\355\000s\000t\000i\000c\000o\000s}{section.6.3}% 40
\BOOKMARK [2][-]{subsection.6.3.4}{\376\377\0006\000.\0003\000.\0004\000\040\000P\000l\000o\000t\000a\000g\000e\000m\000\040\000d\000a\000s\000\040\000B\000a\000n\000d\000a\000s\000\040\000d\000e\000\040\000F\000r\000e\000q\000u\000\352\000n\000c\000i\000a\000s}{section.6.3}% 41
\BOOKMARK [2][-]{subsection.6.3.5}{\376\377\0006\000.\0003\000.\0005\000\040\000C\000r\000i\000a\000\347\000\343\000o\000\040\000d\000o\000\040\000A\000r\000q\000u\000i\000v\000o\000\040\000d\000e\000\040\000S\000a\000\355\000d\000a\000\040\000P\000a\000d\000r\000\343\000o}{section.6.3}% 42
\BOOKMARK [0][-]{CHAPTER.7}{\376\377\0007\000\040\000R\000e\000s\000u\000l\000t\000a\000d\000o\000s\000\040\000E\000s\000p\000e\000r\000a\000d\000o\000s}{}% 43
\BOOKMARK [1][-]{section.7.1}{\376\377\0007\000.\0001\000\040\000R\000e\000s\000u\000l\000t\000a\000d\000o\000s\000\040\000P\000r\000e\000l\000i\000m\000i\000n\000a\000r\000e\000s}{CHAPTER.7}% 44
\BOOKMARK [0][-]{CHAPTER.8}{\376\377\0008\000\040\000C\000r\000o\000n\000o\000g\000r\000a\000m\000a\000\040\000d\000e\000\040\000A\000t\000i\000v\000i\000d\000a\000d\000e\000s}{}% 45
\BOOKMARK [1][-]{section.8.1}{\376\377\0008\000.\0001\000\040\0001\000\272\000\040\000S\000e\000m\000e\000s\000t\000r\000e}{CHAPTER.8}% 46
\BOOKMARK [1][-]{section.8.2}{\376\377\0008\000.\0002\000\040\0002\000\272\000\040\000S\000e\000m\000e\000s\000t\000r\000e}{CHAPTER.8}% 47
\BOOKMARK [0][-]{schapter.8}{\376\377\000R\000e\000f\000e\000r\000\352\000n\000c\000i\000a\000s}{}% 48
